<?xml version="1.0" ?>
<testsuite errors="0" hostname="DESKTOP-HV9NHA3" failures="1" timestamp="2023-04-15T03:23:05" tests="3" time="0" name="eda-log-file-warning-suppressor">
  <properties>
  </properties>
  <testcase name="Unsuppressed Warnings" time="0" classname="failure">
    <failure type="Failure">
      [DEF1234][8]:The &amp;, &apos;, &lt;, and &gt; should be replaced
      [NO_ID][11]:The &amp;, &apos;, &lt;, and &gt; should be replaced
    </failure>
  </testcase>
  <testcase name="Unused Suppression Rules" time="0" classname="failure">
  </testcase>
  <testcase name="Multiply Suppressed Warnings" time="0" classname="failure">
  </testcase>
  <system-out>
  </system-out>
  <system-err>
  </system-err>
</testsuite>
